[debug] > Exec(early(addDefaultCommands), None, None)
[debug] > Exec(addDefaultCommands, None, None)
[debug] > Exec(early(initialize), None, None)
[debug] > Exec(initialize, None, None)
[debug] > Exec(early(addPluginSbtFile="""C:\Users\aaron\AppData\Local\Temp\idea.sbt"""), None, None)
[debug] > Exec(addPluginSbtFile="""C:\Users\aaron\AppData\Local\Temp\idea.sbt""", None, None)
[debug] > Exec(boot, None, None)
[debug] > Exec(writeSbtVersion, None, None)
[debug] > Exec(reload, None, None)
[debug] > Exec(sbtStashOnFailure, None, None)
[debug] > Exec(onFailure loadFailed, None, None)
[debug] > Exec(loadp, None, None)
[info] welcome to sbt 1.5.8 (Oracle Corporation Java 1.8.0_202)
[debug]       Load.loadUnit: plugins took 111.4036ms
[debug]       Load.loadUnit: defsScala took 0.2847ms
[debug] [Loading] Scanning directory C:\Users\aaron\.sbt\1.0\plugins
[debug] [Loading] Found non-root projects 
[debug] [Loading] Done in C:\Users\aaron\.sbt\1.0\plugins, returning: ()
[debug] deducing auto plugins based on known facts Set(Atom(sbt.plugins.CorePlugin)) and clauses Clauses(Clause(Atom(sbt.plugins.JvmPlugin),Set(Atom(sbt.plugins.IvyPlugin)))
[debug] Clause(Atom(sbt.ScriptedPlugin),Set(Atom(sbt.plugins.JvmPlugin)))
[debug] Clause(Atom(sbt.plugins.SbtPlugin),Set(Atom(sbt.ScriptedPlugin)))
[debug] Clause(Atom(sbt.plugins.SemanticdbPlugin),Set(Atom(sbt.plugins.JvmPlugin)))
[debug] Clause(Atom(sbt.plugins.JUnitXmlReportPlugin),Set(Atom(sbt.plugins.JvmPlugin)))
[debug] Clause(Atom(sbt.plugins.MiniDependencyTreePlugin),Set(Atom(sbt.plugins.JvmPlugin)))
[debug] Clause(Atom(sbt.plugins.CorePlugin),Set(Atom(sbt.plugins.IvyPlugin)))
[debug] Clause(Atom(sbt.plugins.IvyPlugin),Set(Atom(sbt.plugins.JvmPlugin)))
[debug] Clause(Atom(sbt.plugins.JvmPlugin),Set(Atom(sbt.plugins.SemanticdbPlugin)))
[debug] Clause(Atom(sbt.plugins.JvmPlugin),Set(Atom(sbt.plugins.JUnitXmlReportPlugin)))
[debug] Clause(Atom(sbt.plugins.CorePlugin),Set(Atom(sbt.plugins.Giter8TemplatePlugin)))
[debug] Clause(Atom(sbt.plugins.JvmPlugin),Set(Atom(sbt.plugins.MiniDependencyTreePlugin))))
[debug]   :: deduced result: Matched(sbt.plugins.CorePlugin,sbt.plugins.Giter8TemplatePlugin,sbt.plugins.IvyPlugin,sbt.plugins.JvmPlugin,sbt.plugins.MiniDependencyTreePlugin,sbt.plugins.JUnitXmlReportPlugin,sbt.plugins.SemanticdbPlugin)
[debug] Plugins.deducer#function took 20.6888 ms
[debug]           Load.resolveProject(global-plugins) took 44.9399ms
[debug]         Load.loadTransitive: finalizeProject(Project(id global-plugins, base: C:\Users\aaron\.sbt\1.0\plugins, plugins: List(<none>))) took 92.4737ms
[debug] [Loading] Done in C:\Users\aaron\.sbt\1.0\plugins, returning: (global-plugins)
[debug]       Load.loadUnit: loadedProjectsRaw took 115.2741ms
[debug]       Load.loadUnit: cleanEvalClasses took 0.229ms
[debug]     Load.loadUnit(file:/C:/Users/aaron/.sbt/1.0/plugins/, ...) took 234.0811ms
[debug]   Load.apply: load took 400.7871ms
[debug]   Load.apply: resolveProjects took 5.7389ms
[debug]   Load.apply: finalTransforms took 52.0763ms
[debug]   Load.apply: config.delegates took 8.823ms
[debug]   Load.apply: Def.make(settings)... took 517.1526ms
[debug]   Load.apply: structureIndex took 103.7072ms
[debug]   Load.apply: mkStreams took 1.786ms
[info] loading global plugins from C:\Users\aaron\.sbt\1.0\plugins
[debug] Running task... Cancel: Signal, check cycles: false, forcegc: true
[debug] Load.defaultLoad until apply took 6046.6254ms
[debug]           Load.loadUnit: plugins took 34.3162ms
[debug]           Load.loadUnit: defsScala took 0.0045ms
[debug] [Loading] Scanning directory C:\Users\aaron\Documents\revature-trainingFeb282022\ProjectsBigData\githubrepositoriesforProjects\Project0-AdventureGame\project
[debug]             Load.loadUnit: mkEval took 9.4751ms
[debug] [Loading] Found non-root projects 
[debug] [Loading] Done in C:\Users\aaron\Documents\revature-trainingFeb282022\ProjectsBigData\githubrepositoriesforProjects\Project0-AdventureGame\project, returning: ()
[debug] deducing auto plugins based on known facts Set(Atom(sbt.plugins.CorePlugin)) and clauses Clauses(Clause(Atom(sbt.plugins.JvmPlugin),Set(Atom(sbt.plugins.IvyPlugin)))
[debug] Clause(Atom(sbt.ScriptedPlugin),Set(Atom(sbt.plugins.JvmPlugin)))
[debug] Clause(Atom(sbt.plugins.SbtPlugin),Set(Atom(sbt.ScriptedPlugin)))
[debug] Clause(Atom(sbt.plugins.SemanticdbPlugin),Set(Atom(sbt.plugins.JvmPlugin)))
[debug] Clause(Atom(sbt.plugins.JUnitXmlReportPlugin),Set(Atom(sbt.plugins.JvmPlugin)))
[debug] Clause(Atom(sbt.plugins.MiniDependencyTreePlugin),Set(Atom(sbt.plugins.JvmPlugin)))
[debug] Clause(Atom(sbt.plugins.CorePlugin),Set(Atom(sbt.plugins.IvyPlugin)))
[debug] Clause(Atom(sbt.plugins.IvyPlugin),Set(Atom(sbt.plugins.JvmPlugin)))
[debug] Clause(Atom(sbt.plugins.JvmPlugin),Set(Atom(sbt.plugins.SemanticdbPlugin)))
[debug] Clause(Atom(sbt.plugins.JvmPlugin),Set(Atom(sbt.plugins.JUnitXmlReportPlugin)))
[debug] Clause(Atom(sbt.plugins.CorePlugin),Set(Atom(sbt.plugins.Giter8TemplatePlugin)))
[debug] Clause(Atom(sbt.plugins.JvmPlugin),Set(Atom(sbt.plugins.MiniDependencyTreePlugin))))
[debug]   :: deduced result: Matched(sbt.plugins.CorePlugin,sbt.plugins.Giter8TemplatePlugin,sbt.plugins.IvyPlugin,sbt.plugins.JvmPlugin,sbt.plugins.MiniDependencyTreePlugin,sbt.plugins.JUnitXmlReportPlugin,sbt.plugins.SemanticdbPlugin)
[debug] Plugins.deducer#function took 1.7087 ms
[info] loading settings for project project0-adventuregame-build from idea.sbt ...
[debug]               Load.resolveProject(project0-adventuregame-build) took 3.5516ms
[debug]             Load.loadTransitive: finalizeProject(Project(id project0-adventuregame-build, base: C:\Users\aaron\Documents\revature-trainingFeb282022\ProjectsBigData\githubrepositoriesforProjects\Project0-AdventureGame\project, plugins: List(<none>))) took 5.816ms
[debug] [Loading] Done in C:\Users\aaron\Documents\revature-trainingFeb282022\ProjectsBigData\githubrepositoriesforProjects\Project0-AdventureGame\project, returning: (project0-adventuregame-build)
[debug]           Load.loadUnit: loadedProjectsRaw took 2454.3983ms
[debug]           Load.loadUnit: cleanEvalClasses took 9.7609ms
[debug]         Load.loadUnit(file:/C:/Users/aaron/Documents/revature-trainingFeb282022/ProjectsBigData/githubrepositoriesforProjects/Project0-AdventureGame/project/, ...) took 2499.9925ms
[debug]       Load.apply: load took 2502.3151ms
[debug]       Load.apply: resolveProjects took 0.21ms
[debug]       Load.apply: finalTransforms took 7.5896ms
[debug]       Load.apply: config.delegates took 0.495ms
[debug]       Load.apply: Def.make(settings)... took 83.6776ms
[debug]       Load.apply: structureIndex took 26.8057ms
[debug]       Load.apply: mkStreams took 0.1853ms
[info] loading project definition from C:\Users\aaron\Documents\revature-trainingFeb282022\ProjectsBigData\githubrepositoriesforProjects\Project0-AdventureGame\project
[debug] Running task... Cancel: Signal, check cycles: false, forcegc: true
[warn] Unrecognized repository Scala Plugin Bundled Repository, ignoring it
[debug]     Load.loadUnit: plugins took 3173.4166ms
[debug]     Load.loadUnit: defsScala took 0.0036ms
[debug] [Loading] Scanning directory C:\Users\aaron\Documents\revature-trainingFeb282022\ProjectsBigData\githubrepositoriesforProjects\Project0-AdventureGame
[debug]       Load.loadUnit: mkEval took 0.4128ms
[debug] [Loading] Found non-root projects 
[debug] [Loading] Done in C:\Users\aaron\Documents\revature-trainingFeb282022\ProjectsBigData\githubrepositoriesforProjects\Project0-AdventureGame, returning: ()
[debug] deducing auto plugins based on known facts Set(Atom(sbt.plugins.CorePlugin)) and clauses Clauses(Clause(Atom(sbt.plugins.JvmPlugin),Set(Atom(sbt.plugins.IvyPlugin)))
[debug] Clause(Atom(sbt.ScriptedPlugin),Set(Atom(sbt.plugins.JvmPlugin)))
[debug] Clause(Atom(sbt.plugins.SbtPlugin),Set(Atom(sbt.ScriptedPlugin)))
[debug] Clause(Atom(sbt.plugins.SemanticdbPlugin),Set(Atom(sbt.plugins.JvmPlugin)))
[debug] Clause(Atom(sbt.plugins.JUnitXmlReportPlugin),Set(Atom(sbt.plugins.JvmPlugin)))
[debug] Clause(Atom(sbt.plugins.MiniDependencyTreePlugin),Set(Atom(sbt.plugins.JvmPlugin)))
[debug] Clause(Atom(org.jetbrains.sbt.StructurePlugin),Set(Atom(sbt.plugins.JvmPlugin)))
[debug] Clause(Atom(org.jetbrains.sbt.IdeaShellPlugin),Set(Atom(sbt.plugins.JvmPlugin)))
[debug] Clause(Atom(org.jetbrains.sbt.indices.SbtIntellijIndicesPlugin),Set(Atom(sbt.plugins.JvmPlugin)))
[debug] Clause(Atom(sbt.plugins.CorePlugin),Set(Atom(sbt.plugins.IvyPlugin)))
[debug] Clause(Atom(sbt.plugins.IvyPlugin),Set(Atom(sbt.plugins.JvmPlugin)))
[debug] Clause(Atom(sbt.plugins.JvmPlugin),Set(Atom(sbt.plugins.SemanticdbPlugin)))
[debug] Clause(Atom(sbt.plugins.JvmPlugin),Set(Atom(sbt.plugins.JUnitXmlReportPlugin)))
[debug] Clause(Atom(sbt.plugins.CorePlugin),Set(Atom(sbt.plugins.Giter8TemplatePlugin)))
[debug] Clause(Atom(sbt.plugins.JvmPlugin),Set(Atom(sbt.plugins.MiniDependencyTreePlugin)))
[debug] Clause(Atom(sbt.plugins.JvmPlugin),Set(Atom(org.jetbrains.sbt.StructurePlugin)))
[debug] Clause(Atom(sbt.plugins.JvmPlugin),Set(Atom(org.jetbrains.sbt.IdeaShellPlugin)))
[debug] Clause(And(Set(Atom(sbt.plugins.CorePlugin), Atom(sbt.plugins.JvmPlugin))),Set(Atom(org.jetbrains.sbt.indices.SbtIntellijIndicesPlugin))))
[debug]   :: deduced result: Matched(sbt.plugins.CorePlugin,sbt.plugins.Giter8TemplatePlugin,sbt.plugins.IvyPlugin,sbt.plugins.JvmPlugin,sbt.plugins.SemanticdbPlugin,org.jetbrains.sbt.indices.SbtIntellijIndicesPlugin,sbt.plugins.JUnitXmlReportPlugin,org.jetbrains.sbt.IdeaShellPlugin,org.jetbrains.sbt.StructurePlugin,sbt.plugins.MiniDependencyTreePlugin)
[debug] Plugins.deducer#function took 2.1837 ms
[info] loading settings for project project0-adventuregame from build.sbt ...
[debug]         Load.resolveProject(project0-adventuregame) took 25.0105ms
[debug]       Load.loadTransitive: finalizeProject(Project(id project0-adventuregame, base: C:\Users\aaron\Documents\revature-trainingFeb282022\ProjectsBigData\githubrepositoriesforProjects\Project0-AdventureGame, plugins: List(<none>))) took 28.1509ms
[debug] [Loading] Done in C:\Users\aaron\Documents\revature-trainingFeb282022\ProjectsBigData\githubrepositoriesforProjects\Project0-AdventureGame, returning: (project0-adventuregame)
[debug]     Load.loadUnit: loadedProjectsRaw took 1942.7997ms
[debug]     Load.loadUnit: cleanEvalClasses took 28.9669ms
[debug]   Load.loadUnit(file:/C:/Users/aaron/Documents/revature-trainingFeb282022/ProjectsBigData/githubrepositoriesforProjects/Project0-AdventureGame/, ...) took 5146.4407ms
[debug] Load.apply: load took 5148.0755ms
[debug] Load.apply: resolveProjects took 0.2284ms
[debug] Load.apply: finalTransforms took 20.419ms
[debug] Load.apply: config.delegates took 0.2971ms
[debug] Load.apply: Def.make(settings)... took 68.8365ms
[debug] Load.apply: structureIndex took 14.2351ms
[debug] Load.apply: mkStreams took 0.0021ms
[info] set current project to Project0-AdventureGame (in build file:/C:/Users/aaron/Documents/revature-trainingFeb282022/ProjectsBigData/githubrepositoriesforProjects/Project0-AdventureGame/)
[debug] > Exec(sbtPopOnFailure, None, None)
[debug] > Exec(resumeFromFailure, None, None)
[debug] > Exec(notifyUsersAboutShell, None, None)
[debug] > Exec(iflast shell, None, None)
[debug] > Exec(; set ideaPort in Global := 62453 ; idea-shell, None, None)
[debug] > Exec(set ideaPort in Global := 62453, None, None)
[info] Defining Global / ideaPort
[info] The new value will be used by Compile / compile, Test / compile
[debug] Defining 
[debug] 	Global / ideaPort
[debug] 
[debug] The new value will be used by 
[debug] 	Compile / compile
[debug] 	Test / compile
[info] Reapplying settings...
[info] set current project to Project0-AdventureGame (in build file:/C:/Users/aaron/Documents/revature-trainingFeb282022/ProjectsBigData/githubrepositoriesforProjects/Project0-AdventureGame/)
[debug] > Exec(idea-shell, None, None)
